2021-02-28 09:41:59,878 [restartedMain] INFO  com.ashokit.PhoneBookApplication                   - Starting PhoneBookApplication using Java 1.8.0_271 on DESKTOP-NSSG7AS with PID 6124 (C:\Users\Dell\git\phone\PHONE-BOOK\target\classes started by Dell in C:\Users\Dell\git\phone\PHONE-BOOK)
2021-02-28 09:41:59,910 [restartedMain] INFO  com.ashokit.PhoneBookApplication                   - No active profile set, falling back to default profiles: default
2021-02-28 09:42:00,044 [restartedMain] INFO  o.s.b.d.e.DevToolsPropertyDefaultsPostProcessor    - Devtools property defaults active! Set 'spring.devtools.add-properties' to 'false' to disable
2021-02-28 09:42:00,045 [restartedMain] INFO  o.s.b.d.e.DevToolsPropertyDefaultsPostProcessor    - For additional web related logging consider setting the 'logging.level.web' property to 'DEBUG'
2021-02-28 09:42:01,841 [restartedMain] INFO  o.s.d.r.c.RepositoryConfigurationDelegate          - Bootstrapping Spring Data JPA repositories in DEFAULT mode.
2021-02-28 09:42:01,928 [restartedMain] INFO  o.s.d.r.c.RepositoryConfigurationDelegate          - Finished Spring Data repository scanning in 75 ms. Found 1 JPA repository interfaces.
2021-02-28 09:42:02,260 [restartedMain] INFO  o.s.c.s.PostProcessorRegistrationDelegate$BeanPostProcessorChecker - Bean 'org.springframework.ws.config.annotation.DelegatingWsConfiguration' of type [org.springframework.ws.config.annotation.DelegatingWsConfiguration$$EnhancerBySpringCGLIB$$ee45fdf5] is not eligible for getting processed by all BeanPostProcessors (for example: not eligible for auto-proxying)
2021-02-28 09:42:02,303 [restartedMain] INFO  o.s.w.s.a.s.AnnotationActionEndpointMapping        - Supporting [WS-Addressing August 2004, WS-Addressing 1.0]
2021-02-28 09:42:02,890 [restartedMain] INFO  o.s.b.w.embedded.tomcat.TomcatWebServer            - Tomcat initialized with port(s): 9090 (http)
2021-02-28 09:42:02,912 [restartedMain] INFO  o.apache.coyote.http11.Http11NioProtocol           - Initializing ProtocolHandler ["http-nio-9090"]
2021-02-28 09:42:02,914 [restartedMain] INFO  org.apache.catalina.core.StandardService           - Starting service [Tomcat]
2021-02-28 09:42:02,914 [restartedMain] INFO  org.apache.catalina.core.StandardEngine            - Starting Servlet engine: [Apache Tomcat/9.0.43]
2021-02-28 09:42:03,077 [restartedMain] INFO  o.a.c.c.C.[Tomcat].[localhost].[/]                 - Initializing Spring embedded WebApplicationContext
2021-02-28 09:42:03,078 [restartedMain] INFO  o.s.b.w.s.c.ServletWebServerApplicationContext     - Root WebApplicationContext: initialization completed in 3027 ms
2021-02-28 09:42:03,279 [restartedMain] INFO  com.zaxxer.hikari.HikariDataSource                 - HikariPool-1 - Starting...
2021-02-28 09:42:03,618 [restartedMain] INFO  com.zaxxer.hikari.HikariDataSource                 - HikariPool-1 - Start completed.
2021-02-28 09:42:03,627 [restartedMain] INFO  o.s.b.a.h2.H2ConsoleAutoConfiguration              - H2 console available at '/h2-console'. Database available at 'jdbc:h2:mem:testdb'
2021-02-28 09:42:03,862 [restartedMain] INFO  o.hibernate.jpa.internal.util.LogHelper            - HHH000204: Processing PersistenceUnitInfo [name: default]
2021-02-28 09:42:03,923 [restartedMain] INFO  org.hibernate.Version                              - HHH000412: Hibernate ORM core version 5.4.28.Final
2021-02-28 09:42:04,093 [restartedMain] INFO  org.hibernate.annotations.common.Version           - HCANN000001: Hibernate Commons Annotations {5.1.2.Final}
2021-02-28 09:42:04,239 [restartedMain] INFO  org.hibernate.dialect.Dialect                      - HHH000400: Using dialect: org.hibernate.dialect.H2Dialect
2021-02-28 09:42:05,264 [restartedMain] INFO  o.h.e.t.j.p.i.JtaPlatformInitiator                 - HHH000490: Using JtaPlatform implementation: [org.hibernate.engine.transaction.jta.platform.internal.NoJtaPlatform]
2021-02-28 09:42:05,277 [restartedMain] INFO  o.s.o.j.LocalContainerEntityManagerFactoryBean     - Initialized JPA EntityManagerFactory for persistence unit 'default'
2021-02-28 09:42:05,330 [restartedMain] INFO  o.s.b.d.a.OptionalLiveReloadServer                 - LiveReload server is running on port 35729
2021-02-28 09:42:06,352 [restartedMain] WARN  o.s.b.a.o.j.JpaBaseConfiguration$JpaWebConfiguration - spring.jpa.open-in-view is enabled by default. Therefore, database queries may be performed during view rendering. Explicitly configure spring.jpa.open-in-view to disable this warning
2021-02-28 09:42:06,598 [restartedMain] INFO  o.s.b.a.e.web.EndpointLinksResolver                - Exposing 2 endpoint(s) beneath base path '/actuator'
2021-02-28 09:42:06,767 [restartedMain] INFO  o.s.s.concurrent.ThreadPoolTaskExecutor            - Initializing ExecutorService 'applicationTaskExecutor'
2021-02-28 09:42:07,095 [restartedMain] INFO  o.apache.coyote.http11.Http11NioProtocol           - Starting ProtocolHandler ["http-nio-9090"]
2021-02-28 09:42:07,184 [restartedMain] INFO  o.s.b.w.embedded.tomcat.TomcatWebServer            - Tomcat started on port(s): 9090 (http) with context path ''
2021-02-28 09:42:07,188 [restartedMain] INFO  s.d.s.w.p.DocumentationPluginsBootstrapper         - Context refreshed
2021-02-28 09:42:07,223 [restartedMain] INFO  s.d.s.w.p.DocumentationPluginsBootstrapper         - Found 1 custom documentation plugin(s)
2021-02-28 09:42:07,243 [restartedMain] INFO  s.d.s.w.s.ApiListingReferenceScanner               - Scanning for api listing references
2021-02-28 09:42:07,513 [restartedMain] INFO  com.ashokit.PhoneBookApplication                   - Started PhoneBookApplication in 8.41 seconds (JVM running for 10.023)
2021-02-28 09:42:08,883 [RMI TCP Connection(3)-127.0.0.1] INFO  o.a.c.c.C.[Tomcat].[localhost].[/]                 - Initializing Spring DispatcherServlet 'dispatcherServlet'
2021-02-28 09:42:08,883 [RMI TCP Connection(3)-127.0.0.1] INFO  o.s.web.servlet.DispatcherServlet                  - Initializing Servlet 'dispatcherServlet'
2021-02-28 09:42:08,886 [RMI TCP Connection(3)-127.0.0.1] INFO  o.s.web.servlet.DispatcherServlet                  - Completed initialization in 2 ms
2021-02-28 09:56:13,628 [Thread-8] INFO  o.s.s.concurrent.ThreadPoolTaskExecutor            - Shutting down ExecutorService 'applicationTaskExecutor'
2021-02-28 09:56:13,635 [Thread-8] INFO  o.s.o.j.LocalContainerEntityManagerFactoryBean     - Closing JPA EntityManagerFactory for persistence unit 'default'
2021-02-28 09:56:13,637 [Thread-8] INFO  o.h.t.s.i.SchemaDropperImpl$DelayedDropActionImpl  - HHH000477: Starting delayed evictData of schema as part of SessionFactory shut-down'
2021-02-28 09:56:13,907 [Thread-8] WARN  o.s.b.f.support.DisposableBeanAdapter              - Invocation of destroy method failed on bean with name 'inMemoryDatabaseShutdownExecutor': org.h2.jdbc.JdbcSQLNonTransientConnectionException: Database is already closed (to disable automatic closing at VM shutdown, add ";DB_CLOSE_ON_EXIT=FALSE" to the db URL) [90121-200]
2021-02-28 09:56:13,910 [Thread-8] INFO  com.zaxxer.hikari.HikariDataSource                 - HikariPool-1 - Shutdown initiated...
2021-02-28 09:56:13,916 [Thread-8] INFO  com.zaxxer.hikari.HikariDataSource                 - HikariPool-1 - Shutdown completed.
2021-02-28 10:06:22,460 [main] INFO  o.s.b.t.c.SpringBootTestContextBootstrapper        - Neither @ContextConfiguration nor @ContextHierarchy found for test class [com.ashokit.PhoneBookApplicationTests], using SpringBootContextLoader
2021-02-28 10:06:22,485 [main] INFO  o.s.t.c.support.AbstractContextLoader              - Could not detect default resource locations for test class [com.ashokit.PhoneBookApplicationTests]: no resource found for suffixes {-context.xml, Context.groovy}.
2021-02-28 10:06:22,488 [main] INFO  o.s.t.c.s.AnnotationConfigContextLoaderUtils       - Could not detect default configuration classes for test class [com.ashokit.PhoneBookApplicationTests]: PhoneBookApplicationTests does not declare any static, non-private, non-final, nested classes annotated with @Configuration.
2021-02-28 10:06:22,821 [main] INFO  o.s.b.t.c.SpringBootTestContextBootstrapper        - Found @SpringBootConfiguration com.ashokit.PhoneBookApplication for test class com.ashokit.PhoneBookApplicationTests
2021-02-28 10:06:23,187 [main] INFO  o.s.b.t.c.SpringBootTestContextBootstrapper        - Loaded default TestExecutionListener class names from location [META-INF/spring.factories]: [org.springframework.boot.test.mock.mockito.MockitoTestExecutionListener, org.springframework.boot.test.mock.mockito.ResetMocksTestExecutionListener, org.springframework.boot.test.autoconfigure.restdocs.RestDocsTestExecutionListener, org.springframework.boot.test.autoconfigure.web.client.MockRestServiceServerResetTestExecutionListener, org.springframework.boot.test.autoconfigure.web.servlet.MockMvcPrintOnlyOnFailureTestExecutionListener, org.springframework.boot.test.autoconfigure.web.servlet.WebDriverTestExecutionListener, org.springframework.boot.test.autoconfigure.webservices.client.MockWebServiceServerTestExecutionListener, org.springframework.test.context.web.ServletTestExecutionListener, org.springframework.test.context.support.DirtiesContextBeforeModesTestExecutionListener, org.springframework.test.context.event.ApplicationEventsTestExecutionListener, org.springframework.test.context.support.DependencyInjectionTestExecutionListener, org.springframework.test.context.support.DirtiesContextTestExecutionListener, org.springframework.test.context.transaction.TransactionalTestExecutionListener, org.springframework.test.context.jdbc.SqlScriptsTestExecutionListener, org.springframework.test.context.event.EventPublishingTestExecutionListener]
2021-02-28 10:06:23,249 [main] INFO  o.s.b.t.c.SpringBootTestContextBootstrapper        - Using TestExecutionListeners: [org.springframework.test.context.web.ServletTestExecutionListener@674ed201, org.springframework.test.context.support.DirtiesContextBeforeModesTestExecutionListener@4dad2363, org.springframework.test.context.event.ApplicationEventsTestExecutionListener@114b2414, org.springframework.boot.test.mock.mockito.MockitoTestExecutionListener@57920d6c, org.springframework.boot.test.autoconfigure.SpringBootDependencyInjectionTestExecutionListener@465d1345, org.springframework.test.context.support.DirtiesContextTestExecutionListener@62cf86d6, org.springframework.test.context.transaction.TransactionalTestExecutionListener@2a6c751f, org.springframework.test.context.jdbc.SqlScriptsTestExecutionListener@6dd2e453, org.springframework.test.context.event.EventPublishingTestExecutionListener@433b1597, org.springframework.boot.test.mock.mockito.ResetMocksTestExecutionListener@5d5cd210, org.springframework.boot.test.autoconfigure.restdocs.RestDocsTestExecutionListener@14d18029, org.springframework.boot.test.autoconfigure.web.client.MockRestServiceServerResetTestExecutionListener@6edb1e9c, org.springframework.boot.test.autoconfigure.web.servlet.MockMvcPrintOnlyOnFailureTestExecutionListener@75d7297d, org.springframework.boot.test.autoconfigure.web.servlet.WebDriverTestExecutionListener@4e20a985, org.springframework.boot.test.autoconfigure.webservices.client.MockWebServiceServerTestExecutionListener@56e8a8a0]
2021-02-28 10:06:24,402 [main] INFO  com.ashokit.PhoneBookApplicationTests              - Starting PhoneBookApplicationTests using Java 1.8.0_271 on DESKTOP-NSSG7AS with PID 4412 (started by Dell in C:\Users\Dell\git\phone\PHONE-BOOK)
2021-02-28 10:06:24,412 [main] INFO  com.ashokit.PhoneBookApplicationTests              - No active profile set, falling back to default profiles: default
2021-02-28 10:06:28,822 [main] INFO  o.s.d.r.c.RepositoryConfigurationDelegate          - Bootstrapping Spring Data JPA repositories in DEFAULT mode.
2021-02-28 10:06:29,018 [main] INFO  o.s.d.r.c.RepositoryConfigurationDelegate          - Finished Spring Data repository scanning in 168 ms. Found 1 JPA repository interfaces.
2021-02-28 10:06:29,974 [main] INFO  o.s.c.s.PostProcessorRegistrationDelegate$BeanPostProcessorChecker - Bean 'org.springframework.ws.config.annotation.DelegatingWsConfiguration' of type [org.springframework.ws.config.annotation.DelegatingWsConfiguration$$EnhancerBySpringCGLIB$$5290a139] is not eligible for getting processed by all BeanPostProcessors (for example: not eligible for auto-proxying)
2021-02-28 10:06:30,130 [main] INFO  o.s.w.s.a.s.AnnotationActionEndpointMapping        - Supporting [WS-Addressing August 2004, WS-Addressing 1.0]
2021-02-28 10:06:30,794 [main] INFO  com.zaxxer.hikari.HikariDataSource                 - HikariPool-1 - Starting...
2021-02-28 10:06:31,591 [main] INFO  com.zaxxer.hikari.HikariDataSource                 - HikariPool-1 - Start completed.
2021-02-28 10:06:31,851 [main] INFO  o.hibernate.jpa.internal.util.LogHelper            - HHH000204: Processing PersistenceUnitInfo [name: default]
2021-02-28 10:06:32,027 [main] INFO  org.hibernate.Version                              - HHH000412: Hibernate ORM core version 5.4.28.Final
2021-02-28 10:06:32,453 [main] INFO  org.hibernate.annotations.common.Version           - HCANN000001: Hibernate Commons Annotations {5.1.2.Final}
2021-02-28 10:06:33,341 [main] INFO  org.hibernate.dialect.Dialect                      - HHH000400: Using dialect: org.hibernate.dialect.H2Dialect
2021-02-28 10:06:35,673 [main] INFO  o.h.e.t.j.p.i.JtaPlatformInitiator                 - HHH000490: Using JtaPlatform implementation: [org.hibernate.engine.transaction.jta.platform.internal.NoJtaPlatform]
2021-02-28 10:06:35,707 [main] INFO  o.s.o.j.LocalContainerEntityManagerFactoryBean     - Initialized JPA EntityManagerFactory for persistence unit 'default'
2021-02-28 10:06:37,326 [main] WARN  o.s.b.a.o.j.JpaBaseConfiguration$JpaWebConfiguration - spring.jpa.open-in-view is enabled by default. Therefore, database queries may be performed during view rendering. Explicitly configure spring.jpa.open-in-view to disable this warning
2021-02-28 10:06:38,438 [main] INFO  o.s.b.a.e.web.EndpointLinksResolver                - Exposing 2 endpoint(s) beneath base path '/actuator'
2021-02-28 10:06:39,775 [main] INFO  o.s.s.concurrent.ThreadPoolTaskExecutor            - Initializing ExecutorService 'applicationTaskExecutor'
2021-02-28 10:06:41,561 [main] INFO  s.d.s.w.p.DocumentationPluginsBootstrapper         - Context refreshed
2021-02-28 10:06:41,629 [main] INFO  s.d.s.w.p.DocumentationPluginsBootstrapper         - Found 1 custom documentation plugin(s)
2021-02-28 10:06:41,657 [main] INFO  s.d.s.w.s.ApiListingReferenceScanner               - Scanning for api listing references
2021-02-28 10:06:42,053 [main] INFO  com.ashokit.PhoneBookApplicationTests              - Started PhoneBookApplicationTests in 18.629 seconds (JVM running for 23.971)
2021-02-28 10:06:42,461 [SpringContextShutdownHook] INFO  o.s.s.concurrent.ThreadPoolTaskExecutor            - Shutting down ExecutorService 'applicationTaskExecutor'
2021-02-28 10:06:42,833 [SpringContextShutdownHook] INFO  o.s.o.j.LocalContainerEntityManagerFactoryBean     - Closing JPA EntityManagerFactory for persistence unit 'default'
2021-02-28 10:06:42,834 [SpringContextShutdownHook] INFO  o.h.t.s.i.SchemaDropperImpl$DelayedDropActionImpl  - HHH000477: Starting delayed evictData of schema as part of SessionFactory shut-down'
2021-02-28 10:06:42,851 [SpringContextShutdownHook] INFO  com.zaxxer.hikari.HikariDataSource                 - HikariPool-1 - Shutdown initiated...
2021-02-28 10:06:42,857 [SpringContextShutdownHook] INFO  com.zaxxer.hikari.HikariDataSource                 - HikariPool-1 - Shutdown completed.
2021-02-28 10:09:14,296 [main] INFO  o.s.b.t.c.SpringBootTestContextBootstrapper        - Neither @ContextConfiguration nor @ContextHierarchy found for test class [com.ashokit.PhoneBookApplicationTests], using SpringBootContextLoader
2021-02-28 10:09:14,311 [main] INFO  o.s.t.c.support.AbstractContextLoader              - Could not detect default resource locations for test class [com.ashokit.PhoneBookApplicationTests]: no resource found for suffixes {-context.xml, Context.groovy}.
2021-02-28 10:09:14,314 [main] INFO  o.s.t.c.s.AnnotationConfigContextLoaderUtils       - Could not detect default configuration classes for test class [com.ashokit.PhoneBookApplicationTests]: PhoneBookApplicationTests does not declare any static, non-private, non-final, nested classes annotated with @Configuration.
2021-02-28 10:09:14,636 [main] INFO  o.s.b.t.c.SpringBootTestContextBootstrapper        - Found @SpringBootConfiguration com.ashokit.PhoneBookApplication for test class com.ashokit.PhoneBookApplicationTests
2021-02-28 10:09:14,858 [main] INFO  o.s.b.t.c.SpringBootTestContextBootstrapper        - Loaded default TestExecutionListener class names from location [META-INF/spring.factories]: [org.springframework.boot.test.mock.mockito.MockitoTestExecutionListener, org.springframework.boot.test.mock.mockito.ResetMocksTestExecutionListener, org.springframework.boot.test.autoconfigure.restdocs.RestDocsTestExecutionListener, org.springframework.boot.test.autoconfigure.web.client.MockRestServiceServerResetTestExecutionListener, org.springframework.boot.test.autoconfigure.web.servlet.MockMvcPrintOnlyOnFailureTestExecutionListener, org.springframework.boot.test.autoconfigure.web.servlet.WebDriverTestExecutionListener, org.springframework.boot.test.autoconfigure.webservices.client.MockWebServiceServerTestExecutionListener, org.springframework.test.context.web.ServletTestExecutionListener, org.springframework.test.context.support.DirtiesContextBeforeModesTestExecutionListener, org.springframework.test.context.event.ApplicationEventsTestExecutionListener, org.springframework.test.context.support.DependencyInjectionTestExecutionListener, org.springframework.test.context.support.DirtiesContextTestExecutionListener, org.springframework.test.context.transaction.TransactionalTestExecutionListener, org.springframework.test.context.jdbc.SqlScriptsTestExecutionListener, org.springframework.test.context.event.EventPublishingTestExecutionListener]
2021-02-28 10:09:14,892 [main] INFO  o.s.b.t.c.SpringBootTestContextBootstrapper        - Using TestExecutionListeners: [org.springframework.test.context.web.ServletTestExecutionListener@2a7ed1f, org.springframework.test.context.support.DirtiesContextBeforeModesTestExecutionListener@3fa247d1, org.springframework.test.context.event.ApplicationEventsTestExecutionListener@2cb2fc20, org.springframework.boot.test.mock.mockito.MockitoTestExecutionListener@4f4c4b1a, org.springframework.boot.test.autoconfigure.SpringBootDependencyInjectionTestExecutionListener@723e88f9, org.springframework.test.context.support.DirtiesContextTestExecutionListener@5f0fd5a0, org.springframework.test.context.transaction.TransactionalTestExecutionListener@64e7619d, org.springframework.test.context.jdbc.SqlScriptsTestExecutionListener@495ee280, org.springframework.test.context.event.EventPublishingTestExecutionListener@4fa1c212, org.springframework.boot.test.mock.mockito.ResetMocksTestExecutionListener@6ea2bc93, org.springframework.boot.test.autoconfigure.restdocs.RestDocsTestExecutionListener@3116c353, org.springframework.boot.test.autoconfigure.web.client.MockRestServiceServerResetTestExecutionListener@f627d13, org.springframework.boot.test.autoconfigure.web.servlet.MockMvcPrintOnlyOnFailureTestExecutionListener@4e928fbf, org.springframework.boot.test.autoconfigure.web.servlet.WebDriverTestExecutionListener@352ff4da, org.springframework.boot.test.autoconfigure.webservices.client.MockWebServiceServerTestExecutionListener@3224a577]
2021-02-28 10:09:15,540 [main] INFO  com.ashokit.PhoneBookApplicationTests              - Starting PhoneBookApplicationTests using Java 1.8.0_271 on DESKTOP-NSSG7AS with PID 1768 (started by Dell in C:\Users\Dell\git\phone\PHONE-BOOK)
2021-02-28 10:09:15,543 [main] INFO  com.ashokit.PhoneBookApplicationTests              - No active profile set, falling back to default profiles: default
2021-02-28 10:09:18,088 [main] INFO  o.s.d.r.c.RepositoryConfigurationDelegate          - Bootstrapping Spring Data JPA repositories in DEFAULT mode.
2021-02-28 10:09:18,228 [main] INFO  o.s.d.r.c.RepositoryConfigurationDelegate          - Finished Spring Data repository scanning in 121 ms. Found 1 JPA repository interfaces.
2021-02-28 10:09:18,956 [main] INFO  o.s.c.s.PostProcessorRegistrationDelegate$BeanPostProcessorChecker - Bean 'org.springframework.ws.config.annotation.DelegatingWsConfiguration' of type [org.springframework.ws.config.annotation.DelegatingWsConfiguration$$EnhancerBySpringCGLIB$$2ce49cd8] is not eligible for getting processed by all BeanPostProcessors (for example: not eligible for auto-proxying)
2021-02-28 10:09:19,070 [main] INFO  o.s.w.s.a.s.AnnotationActionEndpointMapping        - Supporting [WS-Addressing August 2004, WS-Addressing 1.0]
2021-02-28 10:09:19,760 [main] INFO  com.zaxxer.hikari.HikariDataSource                 - HikariPool-1 - Starting...
2021-02-28 10:09:20,143 [main] INFO  com.zaxxer.hikari.HikariDataSource                 - HikariPool-1 - Start completed.
2021-02-28 10:09:20,288 [main] INFO  o.hibernate.jpa.internal.util.LogHelper            - HHH000204: Processing PersistenceUnitInfo [name: default]
2021-02-28 10:09:20,405 [main] INFO  org.hibernate.Version                              - HHH000412: Hibernate ORM core version 5.4.28.Final
2021-02-28 10:09:20,710 [main] INFO  org.hibernate.annotations.common.Version           - HCANN000001: Hibernate Commons Annotations {5.1.2.Final}
2021-02-28 10:09:21,322 [main] INFO  org.hibernate.dialect.Dialect                      - HHH000400: Using dialect: org.hibernate.dialect.H2Dialect
2021-02-28 10:09:22,543 [main] INFO  o.h.e.t.j.p.i.JtaPlatformInitiator                 - HHH000490: Using JtaPlatform implementation: [org.hibernate.engine.transaction.jta.platform.internal.NoJtaPlatform]
2021-02-28 10:09:22,558 [main] INFO  o.s.o.j.LocalContainerEntityManagerFactoryBean     - Initialized JPA EntityManagerFactory for persistence unit 'default'
2021-02-28 10:09:24,359 [main] WARN  o.s.b.a.o.j.JpaBaseConfiguration$JpaWebConfiguration - spring.jpa.open-in-view is enabled by default. Therefore, database queries may be performed during view rendering. Explicitly configure spring.jpa.open-in-view to disable this warning
2021-02-28 10:09:25,714 [main] INFO  o.s.b.a.e.web.EndpointLinksResolver                - Exposing 2 endpoint(s) beneath base path '/actuator'
2021-02-28 10:09:26,574 [main] INFO  o.s.s.concurrent.ThreadPoolTaskExecutor            - Initializing ExecutorService 'applicationTaskExecutor'
2021-02-28 10:09:27,495 [main] INFO  s.d.s.w.p.DocumentationPluginsBootstrapper         - Context refreshed
2021-02-28 10:09:27,538 [main] INFO  s.d.s.w.p.DocumentationPluginsBootstrapper         - Found 1 custom documentation plugin(s)
2021-02-28 10:09:27,560 [main] INFO  s.d.s.w.s.ApiListingReferenceScanner               - Scanning for api listing references
2021-02-28 10:09:27,857 [main] INFO  com.ashokit.PhoneBookApplicationTests              - Started PhoneBookApplicationTests in 12.877 seconds (JVM running for 16.126)
2021-02-28 10:09:28,169 [SpringContextShutdownHook] INFO  o.s.s.concurrent.ThreadPoolTaskExecutor            - Shutting down ExecutorService 'applicationTaskExecutor'
2021-02-28 10:09:28,181 [SpringContextShutdownHook] INFO  o.s.o.j.LocalContainerEntityManagerFactoryBean     - Closing JPA EntityManagerFactory for persistence unit 'default'
2021-02-28 10:09:28,181 [SpringContextShutdownHook] INFO  o.h.t.s.i.SchemaDropperImpl$DelayedDropActionImpl  - HHH000477: Starting delayed evictData of schema as part of SessionFactory shut-down'
2021-02-28 10:09:28,196 [SpringContextShutdownHook] INFO  com.zaxxer.hikari.HikariDataSource                 - HikariPool-1 - Shutdown initiated...
2021-02-28 10:09:28,204 [SpringContextShutdownHook] INFO  com.zaxxer.hikari.HikariDataSource                 - HikariPool-1 - Shutdown completed.
2021-02-28 10:12:20,573 [main] INFO  o.s.b.t.c.SpringBootTestContextBootstrapper        - Neither @ContextConfiguration nor @ContextHierarchy found for test class [com.ashokit.PhoneBookApplicationTests], using SpringBootContextLoader
2021-02-28 10:12:20,592 [main] INFO  o.s.t.c.support.AbstractContextLoader              - Could not detect default resource locations for test class [com.ashokit.PhoneBookApplicationTests]: no resource found for suffixes {-context.xml, Context.groovy}.
2021-02-28 10:12:20,598 [main] INFO  o.s.t.c.s.AnnotationConfigContextLoaderUtils       - Could not detect default configuration classes for test class [com.ashokit.PhoneBookApplicationTests]: PhoneBookApplicationTests does not declare any static, non-private, non-final, nested classes annotated with @Configuration.
2021-02-28 10:12:21,033 [main] INFO  o.s.b.t.c.SpringBootTestContextBootstrapper        - Found @SpringBootConfiguration com.ashokit.PhoneBookApplication for test class com.ashokit.PhoneBookApplicationTests
2021-02-28 10:12:21,390 [main] INFO  o.s.b.t.c.SpringBootTestContextBootstrapper        - Loaded default TestExecutionListener class names from location [META-INF/spring.factories]: [org.springframework.boot.test.mock.mockito.MockitoTestExecutionListener, org.springframework.boot.test.mock.mockito.ResetMocksTestExecutionListener, org.springframework.boot.test.autoconfigure.restdocs.RestDocsTestExecutionListener, org.springframework.boot.test.autoconfigure.web.client.MockRestServiceServerResetTestExecutionListener, org.springframework.boot.test.autoconfigure.web.servlet.MockMvcPrintOnlyOnFailureTestExecutionListener, org.springframework.boot.test.autoconfigure.web.servlet.WebDriverTestExecutionListener, org.springframework.boot.test.autoconfigure.webservices.client.MockWebServiceServerTestExecutionListener, org.springframework.test.context.web.ServletTestExecutionListener, org.springframework.test.context.support.DirtiesContextBeforeModesTestExecutionListener, org.springframework.test.context.event.ApplicationEventsTestExecutionListener, org.springframework.test.context.support.DependencyInjectionTestExecutionListener, org.springframework.test.context.support.DirtiesContextTestExecutionListener, org.springframework.test.context.transaction.TransactionalTestExecutionListener, org.springframework.test.context.jdbc.SqlScriptsTestExecutionListener, org.springframework.test.context.event.EventPublishingTestExecutionListener]
2021-02-28 10:12:21,463 [main] INFO  o.s.b.t.c.SpringBootTestContextBootstrapper        - Using TestExecutionListeners: [org.springframework.test.context.web.ServletTestExecutionListener@4dad2363, org.springframework.test.context.support.DirtiesContextBeforeModesTestExecutionListener@114b2414, org.springframework.test.context.event.ApplicationEventsTestExecutionListener@57920d6c, org.springframework.boot.test.mock.mockito.MockitoTestExecutionListener@465d1345, org.springframework.boot.test.autoconfigure.SpringBootDependencyInjectionTestExecutionListener@62cf86d6, org.springframework.test.context.support.DirtiesContextTestExecutionListener@2a6c751f, org.springframework.test.context.transaction.TransactionalTestExecutionListener@6dd2e453, org.springframework.test.context.jdbc.SqlScriptsTestExecutionListener@433b1597, org.springframework.test.context.event.EventPublishingTestExecutionListener@5d5cd210, org.springframework.boot.test.mock.mockito.ResetMocksTestExecutionListener@14d18029, org.springframework.boot.test.autoconfigure.restdocs.RestDocsTestExecutionListener@6edb1e9c, org.springframework.boot.test.autoconfigure.web.client.MockRestServiceServerResetTestExecutionListener@75d7297d, org.springframework.boot.test.autoconfigure.web.servlet.MockMvcPrintOnlyOnFailureTestExecutionListener@4e20a985, org.springframework.boot.test.autoconfigure.web.servlet.WebDriverTestExecutionListener@56e8a8a0, org.springframework.boot.test.autoconfigure.webservices.client.MockWebServiceServerTestExecutionListener@6071631f]
2021-02-28 10:12:22,456 [main] INFO  com.ashokit.PhoneBookApplicationTests              - Starting PhoneBookApplicationTests using Java 1.8.0_271 on DESKTOP-NSSG7AS with PID 9932 (started by Dell in C:\Users\Dell\git\phone\PHONE-BOOK)
2021-02-28 10:12:22,461 [main] INFO  com.ashokit.PhoneBookApplicationTests              - No active profile set, falling back to default profiles: default
2021-02-28 10:12:26,377 [main] INFO  o.s.d.r.c.RepositoryConfigurationDelegate          - Bootstrapping Spring Data JPA repositories in DEFAULT mode.
2021-02-28 10:12:26,710 [main] INFO  o.s.d.r.c.RepositoryConfigurationDelegate          - Finished Spring Data repository scanning in 284 ms. Found 1 JPA repository interfaces.
2021-02-28 10:12:27,699 [main] INFO  o.s.c.s.PostProcessorRegistrationDelegate$BeanPostProcessorChecker - Bean 'org.springframework.ws.config.annotation.DelegatingWsConfiguration' of type [org.springframework.ws.config.annotation.DelegatingWsConfiguration$$EnhancerBySpringCGLIB$$75a7535a] is not eligible for getting processed by all BeanPostProcessors (for example: not eligible for auto-proxying)
2021-02-28 10:12:27,815 [main] INFO  o.s.w.s.a.s.AnnotationActionEndpointMapping        - Supporting [WS-Addressing August 2004, WS-Addressing 1.0]
2021-02-28 10:12:28,592 [main] INFO  com.zaxxer.hikari.HikariDataSource                 - HikariPool-1 - Starting...
2021-02-28 10:12:29,177 [main] INFO  com.zaxxer.hikari.HikariDataSource                 - HikariPool-1 - Start completed.
2021-02-28 10:12:29,383 [main] INFO  o.hibernate.jpa.internal.util.LogHelper            - HHH000204: Processing PersistenceUnitInfo [name: default]
2021-02-28 10:12:29,575 [main] INFO  org.hibernate.Version                              - HHH000412: Hibernate ORM core version 5.4.28.Final
2021-02-28 10:12:30,118 [main] INFO  org.hibernate.annotations.common.Version           - HCANN000001: Hibernate Commons Annotations {5.1.2.Final}
2021-02-28 10:12:30,908 [main] INFO  org.hibernate.dialect.Dialect                      - HHH000400: Using dialect: org.hibernate.dialect.H2Dialect
2021-02-28 10:12:33,201 [main] INFO  o.h.e.t.j.p.i.JtaPlatformInitiator                 - HHH000490: Using JtaPlatform implementation: [org.hibernate.engine.transaction.jta.platform.internal.NoJtaPlatform]
2021-02-28 10:12:33,249 [main] INFO  o.s.o.j.LocalContainerEntityManagerFactoryBean     - Initialized JPA EntityManagerFactory for persistence unit 'default'
2021-02-28 10:12:34,849 [main] WARN  o.s.b.a.o.j.JpaBaseConfiguration$JpaWebConfiguration - spring.jpa.open-in-view is enabled by default. Therefore, database queries may be performed during view rendering. Explicitly configure spring.jpa.open-in-view to disable this warning
2021-02-28 10:12:36,304 [main] INFO  o.s.b.a.e.web.EndpointLinksResolver                - Exposing 2 endpoint(s) beneath base path '/actuator'
2021-02-28 10:12:38,135 [main] INFO  o.s.s.concurrent.ThreadPoolTaskExecutor            - Initializing ExecutorService 'applicationTaskExecutor'
2021-02-28 10:12:40,023 [main] INFO  s.d.s.w.p.DocumentationPluginsBootstrapper         - Context refreshed
2021-02-28 10:12:40,085 [main] INFO  s.d.s.w.p.DocumentationPluginsBootstrapper         - Found 1 custom documentation plugin(s)
2021-02-28 10:12:40,117 [main] INFO  s.d.s.w.s.ApiListingReferenceScanner               - Scanning for api listing references
2021-02-28 10:12:40,573 [main] INFO  com.ashokit.PhoneBookApplicationTests              - Started PhoneBookApplicationTests in 18.976 seconds (JVM running for 23.832)
2021-02-28 10:12:41,196 [SpringContextShutdownHook] INFO  o.s.s.concurrent.ThreadPoolTaskExecutor            - Shutting down ExecutorService 'applicationTaskExecutor'
2021-02-28 10:12:41,842 [SpringContextShutdownHook] INFO  o.s.o.j.LocalContainerEntityManagerFactoryBean     - Closing JPA EntityManagerFactory for persistence unit 'default'
2021-02-28 10:12:41,845 [SpringContextShutdownHook] INFO  o.h.t.s.i.SchemaDropperImpl$DelayedDropActionImpl  - HHH000477: Starting delayed evictData of schema as part of SessionFactory shut-down'
2021-02-28 10:12:41,879 [SpringContextShutdownHook] INFO  com.zaxxer.hikari.HikariDataSource                 - HikariPool-1 - Shutdown initiated...
2021-02-28 10:12:41,885 [SpringContextShutdownHook] INFO  com.zaxxer.hikari.HikariDataSource                 - HikariPool-1 - Shutdown completed.
